Copyright 1986-2016 Xilinx, Inc. All Rights Reserved.
-----------------------------------------------------------------------------------------------------------------------------------------
| Tool Version : Vivado v.2016.4 (win64) Build 1756540 Mon Jan 23 19:11:23 MST 2017
| Date         : Tue May 16 12:07:09 2017
| Host         : DESKTOP-41VVHGN running 64-bit major release  (build 9200)
| Command      : report_methodology -file calcsys_top_level_methodology_drc_routed.rpt -rpx calcsys_top_level_methodology_drc_routed.rpx
| Design       : calcsys_top_level
| Device       : xc7a100tcsg324-1
| Speed File   : -1
| Design State : Routed
-----------------------------------------------------------------------------------------------------------------------------------------

Report Methodology

Table of Contents
-----------------
1. REPORT SUMMARY
2. REPORT DETAILS

1. REPORT SUMMARY
-----------------
            Netlist: netlist
          Floorplan: design_1
      Design limits: <entire design considered>
             Max violations: <unlimited>
             Violations found: 142
+-----------+----------+-------------------------------+------------+
| Rule      | Severity | Description                   | Violations |
+-----------+----------+-------------------------------+------------+
| TIMING-17 | Warning  | Non-clocked sequential cell   | 119        |
| TIMING-18 | Warning  | Missing input or output delay | 1          |
| TIMING-20 | Warning  | Non-clocked latch             | 22         |
+-----------+----------+-------------------------------+------------+

2. REPORT DETAILS
-----------------
TIMING-17#1 Warning
Non-clocked sequential cell  
The clock pin U4/index_reg[0]/C is not reached by a timing clock
Related violations: <none>

TIMING-17#2 Warning
Non-clocked sequential cell  
The clock pin U4/index_reg[1]/C is not reached by a timing clock
Related violations: <none>

TIMING-17#3 Warning
Non-clocked sequential cell  
The clock pin U4/index_reg[2]/C is not reached by a timing clock
Related violations: <none>

TIMING-17#4 Warning
Non-clocked sequential cell  
The clock pin bd/debounced_button_reg/C is not reached by a timing clock
Related violations: <none>

TIMING-17#5 Warning
Non-clocked sequential cell  
The clock pin bd/history_reg[0]/C is not reached by a timing clock
Related violations: <none>

TIMING-17#6 Warning
Non-clocked sequential cell  
The clock pin bd/history_reg[10]/C is not reached by a timing clock
Related violations: <none>

TIMING-17#7 Warning
Non-clocked sequential cell  
The clock pin bd/history_reg[11]/C is not reached by a timing clock
Related violations: <none>

TIMING-17#8 Warning
Non-clocked sequential cell  
The clock pin bd/history_reg[12]/C is not reached by a timing clock
Related violations: <none>

TIMING-17#9 Warning
Non-clocked sequential cell  
The clock pin bd/history_reg[13]/C is not reached by a timing clock
Related violations: <none>

TIMING-17#10 Warning
Non-clocked sequential cell  
The clock pin bd/history_reg[14]/C is not reached by a timing clock
Related violations: <none>

TIMING-17#11 Warning
Non-clocked sequential cell  
The clock pin bd/history_reg[15]/C is not reached by a timing clock
Related violations: <none>

TIMING-17#12 Warning
Non-clocked sequential cell  
The clock pin bd/history_reg[1]/C is not reached by a timing clock
Related violations: <none>

TIMING-17#13 Warning
Non-clocked sequential cell  
The clock pin bd/history_reg[2]/C is not reached by a timing clock
Related violations: <none>

TIMING-17#14 Warning
Non-clocked sequential cell  
The clock pin bd/history_reg[3]/C is not reached by a timing clock
Related violations: <none>

TIMING-17#15 Warning
Non-clocked sequential cell  
The clock pin bd/history_reg[4]/C is not reached by a timing clock
Related violations: <none>

TIMING-17#16 Warning
Non-clocked sequential cell  
The clock pin bd/history_reg[5]/C is not reached by a timing clock
Related violations: <none>

TIMING-17#17 Warning
Non-clocked sequential cell  
The clock pin bd/history_reg[6]/C is not reached by a timing clock
Related violations: <none>

TIMING-17#18 Warning
Non-clocked sequential cell  
The clock pin bd/history_reg[7]/C is not reached by a timing clock
Related violations: <none>

TIMING-17#19 Warning
Non-clocked sequential cell  
The clock pin bd/history_reg[8]/C is not reached by a timing clock
Related violations: <none>

TIMING-17#20 Warning
Non-clocked sequential cell  
The clock pin bd/history_reg[9]/C is not reached by a timing clock
Related violations: <none>

TIMING-17#21 Warning
Non-clocked sequential cell  
The clock pin fc2/fullCU_0/FSM_onehot_CS_reg[0]/C is not reached by a timing clock
Related violations: <none>

TIMING-17#22 Warning
Non-clocked sequential cell  
The clock pin fc2/fullCU_0/FSM_onehot_CS_reg[1]/C is not reached by a timing clock
Related violations: <none>

TIMING-17#23 Warning
Non-clocked sequential cell  
The clock pin fc2/fullCU_0/FSM_onehot_CS_reg[2]/C is not reached by a timing clock
Related violations: <none>

TIMING-17#24 Warning
Non-clocked sequential cell  
The clock pin fc2/fullCU_0/FSM_onehot_CS_reg[3]/C is not reached by a timing clock
Related violations: <none>

TIMING-17#25 Warning
Non-clocked sequential cell  
The clock pin fc2/fullCU_0/FSM_onehot_CS_reg[4]/C is not reached by a timing clock
Related violations: <none>

TIMING-17#26 Warning
Non-clocked sequential cell  
The clock pin fc2/fullCU_0/FSM_onehot_CS_reg[5]/C is not reached by a timing clock
Related violations: <none>

TIMING-17#27 Warning
Non-clocked sequential cell  
The clock pin fc2/fullCU_0/FSM_onehot_CS_reg[6]/C is not reached by a timing clock
Related violations: <none>

TIMING-17#28 Warning
Non-clocked sequential cell  
The clock pin fc2/fullCU_0/FSM_onehot_CS_reg[7]/C is not reached by a timing clock
Related violations: <none>

TIMING-17#29 Warning
Non-clocked sequential cell  
The clock pin fc2/fullCU_0/FSM_onehot_CS_reg[8]/C is not reached by a timing clock
Related violations: <none>

TIMING-17#30 Warning
Non-clocked sequential cell  
The clock pin fc2/fullCU_0/FSM_onehot_CS_reg[9]/C is not reached by a timing clock
Related violations: <none>

TIMING-17#31 Warning
Non-clocked sequential cell  
The clock pin fc2/fullCU_0/counter_reg[0]/C is not reached by a timing clock
Related violations: <none>

TIMING-17#32 Warning
Non-clocked sequential cell  
The clock pin fc2/fullCU_0/counter_reg[1]/C is not reached by a timing clock
Related violations: <none>

TIMING-17#33 Warning
Non-clocked sequential cell  
The clock pin fc2/fullDP_0/div0/cu0/FSM_sequential_CS_reg[0]/C is not reached by a timing clock
Related violations: <none>

TIMING-17#34 Warning
Non-clocked sequential cell  
The clock pin fc2/fullDP_0/div0/cu0/FSM_sequential_CS_reg[1]/C is not reached by a timing clock
Related violations: <none>

TIMING-17#35 Warning
Non-clocked sequential cell  
The clock pin fc2/fullDP_0/div0/cu0/FSM_sequential_CS_reg[2]/C is not reached by a timing clock
Related violations: <none>

TIMING-17#36 Warning
Non-clocked sequential cell  
The clock pin fc2/fullDP_0/div0/cu0/FSM_sequential_CS_reg[3]/C is not reached by a timing clock
Related violations: <none>

TIMING-17#37 Warning
Non-clocked sequential cell  
The clock pin fc2/fullDP_0/div0/d0/r0/Q_reg[0]/C is not reached by a timing clock
Related violations: <none>

TIMING-17#38 Warning
Non-clocked sequential cell  
The clock pin fc2/fullDP_0/div0/d0/r0/Q_reg[1]/C is not reached by a timing clock
Related violations: <none>

TIMING-17#39 Warning
Non-clocked sequential cell  
The clock pin fc2/fullDP_0/div0/d0/r0/Q_reg[2]/C is not reached by a timing clock
Related violations: <none>

TIMING-17#40 Warning
Non-clocked sequential cell  
The clock pin fc2/fullDP_0/div0/d0/r0/Q_reg[3]/C is not reached by a timing clock
Related violations: <none>

TIMING-17#41 Warning
Non-clocked sequential cell  
The clock pin fc2/fullDP_0/div0/d0/r0/Q_reg[4]/C is not reached by a timing clock
Related violations: <none>

TIMING-17#42 Warning
Non-clocked sequential cell  
The clock pin fc2/fullDP_0/div0/d0/u0/Q_reg[0]/C is not reached by a timing clock
Related violations: <none>

TIMING-17#43 Warning
Non-clocked sequential cell  
The clock pin fc2/fullDP_0/div0/d0/u0/Q_reg[1]/C is not reached by a timing clock
Related violations: <none>

TIMING-17#44 Warning
Non-clocked sequential cell  
The clock pin fc2/fullDP_0/div0/d0/u0/Q_reg[2]/C is not reached by a timing clock
Related violations: <none>

TIMING-17#45 Warning
Non-clocked sequential cell  
The clock pin fc2/fullDP_0/div0/d0/x0/Q_reg[0]/C is not reached by a timing clock
Related violations: <none>

TIMING-17#46 Warning
Non-clocked sequential cell  
The clock pin fc2/fullDP_0/div0/d0/x0/Q_reg[1]/C is not reached by a timing clock
Related violations: <none>

TIMING-17#47 Warning
Non-clocked sequential cell  
The clock pin fc2/fullDP_0/div0/d0/x0/Q_reg[2]/C is not reached by a timing clock
Related violations: <none>

TIMING-17#48 Warning
Non-clocked sequential cell  
The clock pin fc2/fullDP_0/div0/d0/x0/Q_reg[3]/C is not reached by a timing clock
Related violations: <none>

TIMING-17#49 Warning
Non-clocked sequential cell  
The clock pin fc2/fullDP_0/div0/d0/y0/Q_reg[0]/C is not reached by a timing clock
Related violations: <none>

TIMING-17#50 Warning
Non-clocked sequential cell  
The clock pin fc2/fullDP_0/div0/d0/y0/Q_reg[1]/C is not reached by a timing clock
Related violations: <none>

TIMING-17#51 Warning
Non-clocked sequential cell  
The clock pin fc2/fullDP_0/div0/d0/y0/Q_reg[2]/C is not reached by a timing clock
Related violations: <none>

TIMING-17#52 Warning
Non-clocked sequential cell  
The clock pin fc2/fullDP_0/div0/d0/y0/Q_reg[3]/C is not reached by a timing clock
Related violations: <none>

TIMING-17#53 Warning
Non-clocked sequential cell  
The clock pin fc2/fullDP_0/f0dreg/q_reg[0]/C is not reached by a timing clock
Related violations: <none>

TIMING-17#54 Warning
Non-clocked sequential cell  
The clock pin fc2/fullDP_0/f0dreg/q_reg[1]/C is not reached by a timing clock
Related violations: <none>

TIMING-17#55 Warning
Non-clocked sequential cell  
The clock pin fc2/fullDP_0/f0dreg/q_reg[2]/C is not reached by a timing clock
Related violations: <none>

TIMING-17#56 Warning
Non-clocked sequential cell  
The clock pin fc2/fullDP_0/multi0/aREG4b_multi/q_reg[0]/C is not reached by a timing clock
Related violations: <none>

TIMING-17#57 Warning
Non-clocked sequential cell  
The clock pin fc2/fullDP_0/multi0/aREG4b_multi/q_reg[1]/C is not reached by a timing clock
Related violations: <none>

TIMING-17#58 Warning
Non-clocked sequential cell  
The clock pin fc2/fullDP_0/multi0/aREG4b_multi/q_reg[2]/C is not reached by a timing clock
Related violations: <none>

TIMING-17#59 Warning
Non-clocked sequential cell  
The clock pin fc2/fullDP_0/multi0/aREG4b_multi/q_reg[3]/C is not reached by a timing clock
Related violations: <none>

TIMING-17#60 Warning
Non-clocked sequential cell  
The clock pin fc2/fullDP_0/multi0/bREG4b_multi/q_reg[0]/C is not reached by a timing clock
Related violations: <none>

TIMING-17#61 Warning
Non-clocked sequential cell  
The clock pin fc2/fullDP_0/multi0/bREG4b_multi/q_reg[1]/C is not reached by a timing clock
Related violations: <none>

TIMING-17#62 Warning
Non-clocked sequential cell  
The clock pin fc2/fullDP_0/multi0/bREG4b_multi/q_reg[2]/C is not reached by a timing clock
Related violations: <none>

TIMING-17#63 Warning
Non-clocked sequential cell  
The clock pin fc2/fullDP_0/multi0/bREG4b_multi/q_reg[3]/C is not reached by a timing clock
Related violations: <none>

TIMING-17#64 Warning
Non-clocked sequential cell  
The clock pin fc2/fullDP_0/multi0/pOUT8b_multi/q_reg[0]/C is not reached by a timing clock
Related violations: <none>

TIMING-17#65 Warning
Non-clocked sequential cell  
The clock pin fc2/fullDP_0/multi0/pOUT8b_multi/q_reg[1]/C is not reached by a timing clock
Related violations: <none>

TIMING-17#66 Warning
Non-clocked sequential cell  
The clock pin fc2/fullDP_0/multi0/pOUT8b_multi/q_reg[2]/C is not reached by a timing clock
Related violations: <none>

TIMING-17#67 Warning
Non-clocked sequential cell  
The clock pin fc2/fullDP_0/multi0/pOUT8b_multi/q_reg[3]/C is not reached by a timing clock
Related violations: <none>

TIMING-17#68 Warning
Non-clocked sequential cell  
The clock pin fc2/fullDP_0/multi0/pOUT8b_multi/q_reg[4]/C is not reached by a timing clock
Related violations: <none>

TIMING-17#69 Warning
Non-clocked sequential cell  
The clock pin fc2/fullDP_0/multi0/pOUT8b_multi/q_reg[5]/C is not reached by a timing clock
Related violations: <none>

TIMING-17#70 Warning
Non-clocked sequential cell  
The clock pin fc2/fullDP_0/multi0/pOUT8b_multi/q_reg[6]/C is not reached by a timing clock
Related violations: <none>

TIMING-17#71 Warning
Non-clocked sequential cell  
The clock pin fc2/fullDP_0/multi0/pOUT8b_multi/q_reg[7]/C is not reached by a timing clock
Related violations: <none>

TIMING-17#72 Warning
Non-clocked sequential cell  
The clock pin fc2/fullDP_0/multi0/s01REG8b_multi/q_reg[0]/C is not reached by a timing clock
Related violations: <none>

TIMING-17#73 Warning
Non-clocked sequential cell  
The clock pin fc2/fullDP_0/multi0/s01REG8b_multi/q_reg[1]/C is not reached by a timing clock
Related violations: <none>

TIMING-17#74 Warning
Non-clocked sequential cell  
The clock pin fc2/fullDP_0/multi0/s01REG8b_multi/q_reg[2]/C is not reached by a timing clock
Related violations: <none>

TIMING-17#75 Warning
Non-clocked sequential cell  
The clock pin fc2/fullDP_0/multi0/s01REG8b_multi/q_reg[3]/C is not reached by a timing clock
Related violations: <none>

TIMING-17#76 Warning
Non-clocked sequential cell  
The clock pin fc2/fullDP_0/multi0/s01REG8b_multi/q_reg[4]/C is not reached by a timing clock
Related violations: <none>

TIMING-17#77 Warning
Non-clocked sequential cell  
The clock pin fc2/fullDP_0/multi0/s01REG8b_multi/q_reg[5]/C is not reached by a timing clock
Related violations: <none>

TIMING-17#78 Warning
Non-clocked sequential cell  
The clock pin fc2/fullDP_0/multi0/s23REG8b_multi/q_reg[2]/C is not reached by a timing clock
Related violations: <none>

TIMING-17#79 Warning
Non-clocked sequential cell  
The clock pin fc2/fullDP_0/multi0/s23REG8b_multi/q_reg[3]/C is not reached by a timing clock
Related violations: <none>

TIMING-17#80 Warning
Non-clocked sequential cell  
The clock pin fc2/fullDP_0/multi0/s23REG8b_multi/q_reg[4]/C is not reached by a timing clock
Related violations: <none>

TIMING-17#81 Warning
Non-clocked sequential cell  
The clock pin fc2/fullDP_0/multi0/s23REG8b_multi/q_reg[5]/C is not reached by a timing clock
Related violations: <none>

TIMING-17#82 Warning
Non-clocked sequential cell  
The clock pin fc2/fullDP_0/multi0/s23REG8b_multi/q_reg[6]/C is not reached by a timing clock
Related violations: <none>

TIMING-17#83 Warning
Non-clocked sequential cell  
The clock pin fc2/fullDP_0/multi0/s23REG8b_multi/q_reg[7]/C is not reached by a timing clock
Related violations: <none>

TIMING-17#84 Warning
Non-clocked sequential cell  
The clock pin fc2/fullDP_0/outHI_reg/q_reg[0]/C is not reached by a timing clock
Related violations: <none>

TIMING-17#85 Warning
Non-clocked sequential cell  
The clock pin fc2/fullDP_0/outHI_reg/q_reg[1]/C is not reached by a timing clock
Related violations: <none>

TIMING-17#86 Warning
Non-clocked sequential cell  
The clock pin fc2/fullDP_0/outHI_reg/q_reg[2]/C is not reached by a timing clock
Related violations: <none>

TIMING-17#87 Warning
Non-clocked sequential cell  
The clock pin fc2/fullDP_0/outHI_reg/q_reg[3]/C is not reached by a timing clock
Related violations: <none>

TIMING-17#88 Warning
Non-clocked sequential cell  
The clock pin fc2/fullDP_0/outLO_reg/q_reg[0]/C is not reached by a timing clock
Related violations: <none>

TIMING-17#89 Warning
Non-clocked sequential cell  
The clock pin fc2/fullDP_0/outLO_reg/q_reg[1]/C is not reached by a timing clock
Related violations: <none>

TIMING-17#90 Warning
Non-clocked sequential cell  
The clock pin fc2/fullDP_0/outLO_reg/q_reg[2]/C is not reached by a timing clock
Related violations: <none>

TIMING-17#91 Warning
Non-clocked sequential cell  
The clock pin fc2/fullDP_0/outLO_reg/q_reg[3]/C is not reached by a timing clock
Related violations: <none>

TIMING-17#92 Warning
Non-clocked sequential cell  
The clock pin fc2/fullDP_0/smCalc0/cu0sc/FSM_sequential_CS_reg[0]/C is not reached by a timing clock
Related violations: <none>

TIMING-17#93 Warning
Non-clocked sequential cell  
The clock pin fc2/fullDP_0/smCalc0/cu0sc/FSM_sequential_CS_reg[1]/C is not reached by a timing clock
Related violations: <none>

TIMING-17#94 Warning
Non-clocked sequential cell  
The clock pin fc2/fullDP_0/smCalc0/cu0sc/FSM_sequential_CS_reg[2]/C is not reached by a timing clock
Related violations: <none>

TIMING-17#95 Warning
Non-clocked sequential cell  
The clock pin fc2/fullDP_0/smCalc0/cu0sc/FSM_sequential_CS_reg[3]/C is not reached by a timing clock
Related violations: <none>

TIMING-17#96 Warning
Non-clocked sequential cell  
The clock pin fc2/fullDP_0/smCalc0/dp0sc/rf1sc/RegFile_reg_r1_0_3_0_4/RAMA/CLK is not reached by a timing clock
Related violations: <none>

TIMING-17#97 Warning
Non-clocked sequential cell  
The clock pin fc2/fullDP_0/smCalc0/dp0sc/rf1sc/RegFile_reg_r1_0_3_0_4/RAMA_D1/CLK is not reached by a timing clock
Related violations: <none>

TIMING-17#98 Warning
Non-clocked sequential cell  
The clock pin fc2/fullDP_0/smCalc0/dp0sc/rf1sc/RegFile_reg_r1_0_3_0_4/RAMB/CLK is not reached by a timing clock
Related violations: <none>

TIMING-17#99 Warning
Non-clocked sequential cell  
The clock pin fc2/fullDP_0/smCalc0/dp0sc/rf1sc/RegFile_reg_r1_0_3_0_4/RAMB_D1/CLK is not reached by a timing clock
Related violations: <none>

TIMING-17#100 Warning
Non-clocked sequential cell  
The clock pin fc2/fullDP_0/smCalc0/dp0sc/rf1sc/RegFile_reg_r1_0_3_0_4/RAMC/CLK is not reached by a timing clock
Related violations: <none>

TIMING-17#101 Warning
Non-clocked sequential cell  
The clock pin fc2/fullDP_0/smCalc0/dp0sc/rf1sc/RegFile_reg_r1_0_3_0_4/RAMC_D1/CLK is not reached by a timing clock
Related violations: <none>

TIMING-17#102 Warning
Non-clocked sequential cell  
The clock pin fc2/fullDP_0/smCalc0/dp0sc/rf1sc/RegFile_reg_r1_0_3_0_4/RAMD/CLK is not reached by a timing clock
Related violations: <none>

TIMING-17#103 Warning
Non-clocked sequential cell  
The clock pin fc2/fullDP_0/smCalc0/dp0sc/rf1sc/RegFile_reg_r1_0_3_0_4/RAMD_D1/CLK is not reached by a timing clock
Related violations: <none>

TIMING-17#104 Warning
Non-clocked sequential cell  
The clock pin fc2/fullDP_0/smCalc0/dp0sc/rf1sc/RegFile_reg_r2_0_3_0_4/RAMA/CLK is not reached by a timing clock
Related violations: <none>

TIMING-17#105 Warning
Non-clocked sequential cell  
The clock pin fc2/fullDP_0/smCalc0/dp0sc/rf1sc/RegFile_reg_r2_0_3_0_4/RAMA_D1/CLK is not reached by a timing clock
Related violations: <none>

TIMING-17#106 Warning
Non-clocked sequential cell  
The clock pin fc2/fullDP_0/smCalc0/dp0sc/rf1sc/RegFile_reg_r2_0_3_0_4/RAMB/CLK is not reached by a timing clock
Related violations: <none>

TIMING-17#107 Warning
Non-clocked sequential cell  
The clock pin fc2/fullDP_0/smCalc0/dp0sc/rf1sc/RegFile_reg_r2_0_3_0_4/RAMB_D1/CLK is not reached by a timing clock
Related violations: <none>

TIMING-17#108 Warning
Non-clocked sequential cell  
The clock pin fc2/fullDP_0/smCalc0/dp0sc/rf1sc/RegFile_reg_r2_0_3_0_4/RAMC/CLK is not reached by a timing clock
Related violations: <none>

TIMING-17#109 Warning
Non-clocked sequential cell  
The clock pin fc2/fullDP_0/smCalc0/dp0sc/rf1sc/RegFile_reg_r2_0_3_0_4/RAMC_D1/CLK is not reached by a timing clock
Related violations: <none>

TIMING-17#110 Warning
Non-clocked sequential cell  
The clock pin fc2/fullDP_0/smCalc0/dp0sc/rf1sc/RegFile_reg_r2_0_3_0_4/RAMD/CLK is not reached by a timing clock
Related violations: <none>

TIMING-17#111 Warning
Non-clocked sequential cell  
The clock pin fc2/fullDP_0/smCalc0/dp0sc/rf1sc/RegFile_reg_r2_0_3_0_4/RAMD_D1/CLK is not reached by a timing clock
Related violations: <none>

TIMING-17#112 Warning
Non-clocked sequential cell  
The clock pin fc2/fullDP_0/x0dreg/q_reg[0]/C is not reached by a timing clock
Related violations: <none>

TIMING-17#113 Warning
Non-clocked sequential cell  
The clock pin fc2/fullDP_0/x0dreg/q_reg[1]/C is not reached by a timing clock
Related violations: <none>

TIMING-17#114 Warning
Non-clocked sequential cell  
The clock pin fc2/fullDP_0/x0dreg/q_reg[2]/C is not reached by a timing clock
Related violations: <none>

TIMING-17#115 Warning
Non-clocked sequential cell  
The clock pin fc2/fullDP_0/x0dreg/q_reg[3]/C is not reached by a timing clock
Related violations: <none>

TIMING-17#116 Warning
Non-clocked sequential cell  
The clock pin fc2/fullDP_0/y0dreg/q_reg[0]/C is not reached by a timing clock
Related violations: <none>

TIMING-17#117 Warning
Non-clocked sequential cell  
The clock pin fc2/fullDP_0/y0dreg/q_reg[1]/C is not reached by a timing clock
Related violations: <none>

TIMING-17#118 Warning
Non-clocked sequential cell  
The clock pin fc2/fullDP_0/y0dreg/q_reg[2]/C is not reached by a timing clock
Related violations: <none>

TIMING-17#119 Warning
Non-clocked sequential cell  
The clock pin fc2/fullDP_0/y0dreg/q_reg[3]/C is not reached by a timing clock
Related violations: <none>

TIMING-18#1 Warning
Missing input or output delay  
An input delay is missing on rst relative to clock(s) sys_clk_pin 
Related violations: <none>

TIMING-20#1 Warning
Non-clocked latch  
The latch fc2/fullCU_0/CTRL_reg[0] cannot be properly analyzed as its control pin fc2/fullCU_0/CTRL_reg[0]/G is not reached by a timing clock
Related violations: <none>

TIMING-20#2 Warning
Non-clocked latch  
The latch fc2/fullCU_0/CTRL_reg[10] cannot be properly analyzed as its control pin fc2/fullCU_0/CTRL_reg[10]/G is not reached by a timing clock
Related violations: <none>

TIMING-20#3 Warning
Non-clocked latch  
The latch fc2/fullCU_0/CTRL_reg[11] cannot be properly analyzed as its control pin fc2/fullCU_0/CTRL_reg[11]/G is not reached by a timing clock
Related violations: <none>

TIMING-20#4 Warning
Non-clocked latch  
The latch fc2/fullCU_0/CTRL_reg[13] cannot be properly analyzed as its control pin fc2/fullCU_0/CTRL_reg[13]/G is not reached by a timing clock
Related violations: <none>

TIMING-20#5 Warning
Non-clocked latch  
The latch fc2/fullCU_0/CTRL_reg[1] cannot be properly analyzed as its control pin fc2/fullCU_0/CTRL_reg[1]/G is not reached by a timing clock
Related violations: <none>

TIMING-20#6 Warning
Non-clocked latch  
The latch fc2/fullCU_0/CTRL_reg[2] cannot be properly analyzed as its control pin fc2/fullCU_0/CTRL_reg[2]/G is not reached by a timing clock
Related violations: <none>

TIMING-20#7 Warning
Non-clocked latch  
The latch fc2/fullCU_0/CTRL_reg[3] cannot be properly analyzed as its control pin fc2/fullCU_0/CTRL_reg[3]/G is not reached by a timing clock
Related violations: <none>

TIMING-20#8 Warning
Non-clocked latch  
The latch fc2/fullCU_0/CTRL_reg[4] cannot be properly analyzed as its control pin fc2/fullCU_0/CTRL_reg[4]/G is not reached by a timing clock
Related violations: <none>

TIMING-20#9 Warning
Non-clocked latch  
The latch fc2/fullCU_0/CTRL_reg[5] cannot be properly analyzed as its control pin fc2/fullCU_0/CTRL_reg[5]/G is not reached by a timing clock
Related violations: <none>

TIMING-20#10 Warning
Non-clocked latch  
The latch fc2/fullCU_0/CTRL_reg[6] cannot be properly analyzed as its control pin fc2/fullCU_0/CTRL_reg[6]/G is not reached by a timing clock
Related violations: <none>

TIMING-20#11 Warning
Non-clocked latch  
The latch fc2/fullCU_0/CTRL_reg[7] cannot be properly analyzed as its control pin fc2/fullCU_0/CTRL_reg[7]/G is not reached by a timing clock
Related violations: <none>

TIMING-20#12 Warning
Non-clocked latch  
The latch fc2/fullCU_0/CTRL_reg[8] cannot be properly analyzed as its control pin fc2/fullCU_0/CTRL_reg[8]/G is not reached by a timing clock
Related violations: <none>

TIMING-20#13 Warning
Non-clocked latch  
The latch fc2/fullCU_0/CTRL_reg[9] cannot be properly analyzed as its control pin fc2/fullCU_0/CTRL_reg[9]/G is not reached by a timing clock
Related violations: <none>

TIMING-20#14 Warning
Non-clocked latch  
The latch fc2/fullDP_0/div0/cu0/CTRL_reg[0] cannot be properly analyzed as its control pin fc2/fullDP_0/div0/cu0/CTRL_reg[0]/G is not reached by a timing clock
Related violations: <none>

TIMING-20#15 Warning
Non-clocked latch  
The latch fc2/fullDP_0/div0/cu0/CTRL_reg[10] cannot be properly analyzed as its control pin fc2/fullDP_0/div0/cu0/CTRL_reg[10]/G is not reached by a timing clock
Related violations: <none>

TIMING-20#16 Warning
Non-clocked latch  
The latch fc2/fullDP_0/div0/cu0/CTRL_reg[11] cannot be properly analyzed as its control pin fc2/fullDP_0/div0/cu0/CTRL_reg[11]/G is not reached by a timing clock
Related violations: <none>

TIMING-20#17 Warning
Non-clocked latch  
The latch fc2/fullDP_0/div0/cu0/CTRL_reg[13] cannot be properly analyzed as its control pin fc2/fullDP_0/div0/cu0/CTRL_reg[13]/G is not reached by a timing clock
Related violations: <none>

TIMING-20#18 Warning
Non-clocked latch  
The latch fc2/fullDP_0/div0/cu0/CTRL_reg[3] cannot be properly analyzed as its control pin fc2/fullDP_0/div0/cu0/CTRL_reg[3]/G is not reached by a timing clock
Related violations: <none>

TIMING-20#19 Warning
Non-clocked latch  
The latch fc2/fullDP_0/div0/cu0/CTRL_reg[5] cannot be properly analyzed as its control pin fc2/fullDP_0/div0/cu0/CTRL_reg[5]/G is not reached by a timing clock
Related violations: <none>

TIMING-20#20 Warning
Non-clocked latch  
The latch fc2/fullDP_0/div0/cu0/CTRL_reg[6] cannot be properly analyzed as its control pin fc2/fullDP_0/div0/cu0/CTRL_reg[6]/G is not reached by a timing clock
Related violations: <none>

TIMING-20#21 Warning
Non-clocked latch  
The latch fc2/fullDP_0/div0/cu0/CTRL_reg[7] cannot be properly analyzed as its control pin fc2/fullDP_0/div0/cu0/CTRL_reg[7]/G is not reached by a timing clock
Related violations: <none>

TIMING-20#22 Warning
Non-clocked latch  
The latch fc2/fullDP_0/div0/cu0/CTRL_reg[8] cannot be properly analyzed as its control pin fc2/fullDP_0/div0/cu0/CTRL_reg[8]/G is not reached by a timing clock
Related violations: <none>


